Command line invocation:
    /Applications/Xcode.app/Contents/Developer/usr/bin/xcodebuild -project Garten_Simulation.xcodeproj -scheme Garten_Simulation -destination generic/platform=iOS build

Resolve Package Graph


Resolved source packages:
  RiveRuntime: https://github.com/rive-app/rive-ios @ 6.17.0
  DotLottie: https://github.com/LottieFiles/dotlottie-ios.git @ main (0f01462)

ComputePackagePrebuildTargetDependencyGraph

Prepare packages

CreateBuildRequest

SendProjectDescription

CreateBuildOperation

ComputeTargetDependencyGraph
note: Building targets in dependency order
note: Target dependency graph (4 targets)
    Target 'Garten_Simulation' in project 'Garten_Simulation'
        ➜ Explicit dependency on target 'RiveRuntime' in project 'RiveRuntime'
        ➜ Explicit dependency on target 'DotLottie' in project 'DotLottie'
    Target 'DotLottie' in project 'DotLottie'
        ➜ Explicit dependency on target 'DotLottie' in project 'DotLottie'
    Target 'DotLottie' in project 'DotLottie' (no dependencies)
    Target 'RiveRuntime' in project 'RiveRuntime' (no dependencies)

GatherProvisioningInputs

CreateBuildDescription

ExecuteExternalTool /Applications/Xcode.app/Contents/Developer/Toolchains/XcodeDefault.xctoolchain/usr/bin/clang -v -E -dM -isysroot /Applications/Xcode.app/Contents/Developer/Platforms/iPhoneOS.platform/Developer/SDKs/iPhoneOS26.4.sdk -x c -c /dev/null

ExecuteExternalTool /Applications/Xcode.app/Contents/Developer/Toolchains/XcodeDefault.xctoolchain/usr/bin/swiftc --version

ExecuteExternalTool /Applications/Xcode.app/Contents/Developer/usr/bin/ibtool --version --output-format xml1

ExecuteExternalTool /Applications/Xcode.app/Contents/Developer/usr/bin/actool --print-asset-tag-combinations --output-format xml1 /Users/jannikschill/Documents/Garten-Simulation/Garten_Simulation/Assets.xcassets

ExecuteExternalTool /Applications/Xcode.app/Contents/Developer/Toolchains/XcodeDefault.xctoolchain/usr/bin/ld -version_details

ExecuteExternalTool /Applications/Xcode.app/Contents/Developer/usr/bin/actool --version --output-format xml1

Build description signature: 58c1c59eb9825956db91547ec258e198
Build description path: /Users/jannikschill/Library/Developer/Xcode/DerivedData/Garten_Simulation-eroxfyrnurmsaraojtkexlvtomxb/Build/Intermediates.noindex/XCBuildData/58c1c59eb9825956db91547ec258e198.xcbuilddata
ClangStatCache /Applications/Xcode.app/Contents/Developer/Toolchains/XcodeDefault.xctoolchain/usr/bin/clang-stat-cache /Applications/Xcode.app/Contents/Developer/Platforms/iPhoneOS.platform/Developer/SDKs/iPhoneOS26.4.sdk /Users/jannikschill/Library/Developer/Xcode/DerivedData/SDKStatCaches.noindex/iphoneos26.4-23E252-688ef53f1462e2c8f657fdc38a81448f68a138bb55de9ba35ce6c8c40d12849e.sdkstatcache
    cd /Users/jannikschill/Documents/Garten-Simulation/Garten_Simulation.xcodeproj
    /Applications/Xcode.app/Contents/Developer/Toolchains/XcodeDefault.xctoolchain/usr/bin/clang-stat-cache /Applications/Xcode.app/Contents/Developer/Platforms/iPhoneOS.platform/Developer/SDKs/iPhoneOS26.4.sdk -o /Users/jannikschill/Library/Developer/Xcode/DerivedData/SDKStatCaches.noindex/iphoneos26.4-23E252-688ef53f1462e2c8f657fdc38a81448f68a138bb55de9ba35ce6c8c40d12849e.sdkstatcache

CompileStoryboard /Users/jannikschill/Documents/Garten-Simulation/Garten_Simulation/LaunchScreen.storyboard (in target 'Garten_Simulation' from project 'Garten_Simulation')
    cd /Users/jannikschill/Documents/Garten-Simulation
    /Applications/Xcode.app/Contents/Developer/usr/bin/ibtool --errors --warnings --notices --module Grovy --output-partial-info-plist /Users/jannikschill/Library/Developer/Xcode/DerivedData/Garten_Simulation-eroxfyrnurmsaraojtkexlvtomxb/Build/Intermediates.noindex/Garten_Simulation.build/Debug-iphoneos/Garten_Simulation.build/LaunchScreen-SBPartialInfo.plist --auto-activate-custom-fonts --target-device iphone --target-device ipad --minimum-deployment-target 26.2 --output-format human-readable-text /Users/jannikschill/Documents/Garten-Simulation/Garten_Simulation/LaunchScreen.storyboard --compilation-directory /Users/jannikschill/Library/Developer/Xcode/DerivedData/Garten_Simulation-eroxfyrnurmsaraojtkexlvtomxb/Build/Intermediates.noindex/Garten_Simulation.build/Debug-iphoneos/Garten_Simulation.build
/Users/jannikschill/Documents/Garten-Simulation/Garten_Simulation/Components/SingleHabitNode.swift:261:1: error: extraneous '}' at top level
}
^

SwiftDriver Garten_Simulation normal arm64 com.apple.xcode.tools.swift.compiler (in target 'Garten_Simulation' from project 'Garten_Simulation')
    cd /Users/jannikschill/Documents/Garten-Simulation
    builtin-SwiftDriver -- /Applications/Xcode.app/Contents/Developer/Toolchains/XcodeDefault.xctoolchain/usr/bin/swiftc -module-name Grovy -Onone @/Users/jannikschill/Library/Developer/Xcode/DerivedData/Garten_Simulation-eroxfyrnurmsaraojtkexlvtomxb/Build/Intermediates.noindex/Garten_Simulation.build/Debug-iphoneos/Garten_Simulation.build/Objects-normal/arm64/Grovy.SwiftFileList -DDEBUG -default-isolation\=MainActor -enable-bare-slash-regex -enable-upcoming-feature DisableOutwardActorInference -enable-upcoming-feature InferSendableFromCaptures -enable-upcoming-feature GlobalActorIsolatedTypesUsability -enable-upcoming-feature MemberImportVisibility -enable-upcoming-feature InferIsolatedConformances -enable-upcoming-feature NonisolatedNonsendingByDefault -enable-experimental-feature DebugDescriptionMacro -sdk /Applications/Xcode.app/Contents/Developer/Platforms/iPhoneOS.platform/Developer/SDKs/iPhoneOS26.4.sdk -target arm64-apple-ios26.2 -g -module-cache-path /Users/jannikschill/Library/Developer/Xcode/DerivedData/ModuleCache.noindex -Xfrontend -serialize-debugging-options -profile-coverage-mapping -profile-generate -enable-testing -index-store-path /Users/jannikschill/Library/Developer/Xcode/DerivedData/Garten_Simulation-eroxfyrnurmsaraojtkexlvtomxb/Index.noindex/DataStore -Xcc -D_LIBCPP_HARDENING_MODE\=_LIBCPP_HARDENING_MODE_DEBUG -swift-version 5 -I /Users/jannikschill/Library/Developer/Xcode/DerivedData/Garten_Simulation-eroxfyrnurmsaraojtkexlvtomxb/Build/Products/Debug-iphoneos -F /Users/jannikschill/Library/Developer/Xcode/DerivedData/Garten_Simulation-eroxfyrnurmsaraojtkexlvtomxb/Build/Products/Debug-iphoneos/PackageFrameworks -F /Users/jannikschill/Library/Developer/Xcode/DerivedData/Garten_Simulation-eroxfyrnurmsaraojtkexlvtomxb/Build/Products/Debug-iphoneos -emit-localized-strings -emit-localized-strings-path /Users/jannikschill/Library/Developer/Xcode/DerivedData/Garten_Simulation-eroxfyrnurmsaraojtkexlvtomxb/Build/Intermediates.noindex/Garten_Simulation.build/Debug-iphoneos/Garten_Simulation.build/Objects-normal/arm64 -c -j12 -enable-batch-mode -incremental -Xcc -ivfsstatcache -Xcc /Users/jannikschill/Library/Developer/Xcode/DerivedData/SDKStatCaches.noindex/iphoneos26.4-23E252-688ef53f1462e2c8f657fdc38a81448f68a138bb55de9ba35ce6c8c40d12849e.sdkstatcache -output-file-map /Users/jannikschill/Library/Developer/Xcode/DerivedData/Garten_Simulation-eroxfyrnurmsaraojtkexlvtomxb/Build/Intermediates.noindex/Garten_Simulation.build/Debug-iphoneos/Garten_Simulation.build/Objects-normal/arm64/Garten_Simulation-OutputFileMap.json -use-frontend-parseable-output -save-temps -no-color-diagnostics -explicit-module-build -module-cache-path /Users/jannikschill/Library/Developer/Xcode/DerivedData/Garten_Simulation-eroxfyrnurmsaraojtkexlvtomxb/Build/Intermediates.noindex/SwiftExplicitPrecompiledModules -clang-scanner-module-cache-path /Users/jannikschill/Library/Developer/Xcode/DerivedData/ModuleCache.noindex -sdk-module-cache-path /Users/jannikschill/Library/Developer/Xcode/DerivedData/ModuleCache.noindex -serialize-diagnostics -emit-dependencies -emit-module -emit-module-path /Users/jannikschill/Library/Developer/Xcode/DerivedData/Garten_Simulation-eroxfyrnurmsaraojtkexlvtomxb/Build/Intermediates.noindex/Garten_Simulation.build/Debug-iphoneos/Garten_Simulation.build/Objects-normal/arm64/Grovy.swiftmodule -validate-clang-modules-once -clang-build-session-file /Users/jannikschill/Library/Developer/Xcode/DerivedData/ModuleCache.noindex/Session.modulevalidation -Xcc -I/Users/jannikschill/Library/Developer/Xcode/DerivedData/Garten_Simulation-eroxfyrnurmsaraojtkexlvtomxb/Build/Intermediates.noindex/Garten_Simulation.build/Debug-iphoneos/Garten_Simulation.build/swift-overrides.hmap -emit-const-values -Xfrontend -const-gather-protocols-file -Xfrontend /Users/jannikschill/Library/Developer/Xcode/DerivedData/Garten_Simulation-eroxfyrnurmsaraojtkexlvtomxb/Build/Intermediates.noindex/Garten_Simulation.build/Debug-iphoneos/Garten_Simulation.build/Objects-normal/arm64/Garten_Simulation_const_extract_protocols.json -Xcc -iquote -Xcc /Users/jannikschill/Library/Developer/Xcode/DerivedData/Garten_Simulation-eroxfyrnurmsaraojtkexlvtomxb/Build/Intermediates.noindex/Garten_Simulation.build/Debug-iphoneos/Garten_Simulation.build/Grovy-generated-files.hmap -Xcc -I/Users/jannikschill/Library/Developer/Xcode/DerivedData/Garten_Simulation-eroxfyrnurmsaraojtkexlvtomxb/Build/Intermediates.noindex/Garten_Simulation.build/Debug-iphoneos/Garten_Simulation.build/Grovy-own-target-headers.hmap -Xcc -I/Users/jannikschill/Library/Developer/Xcode/DerivedData/Garten_Simulation-eroxfyrnurmsaraojtkexlvtomxb/Build/Intermediates.noindex/Garten_Simulation.build/Debug-iphoneos/Garten_Simulation.build/Grovy-all-non-framework-target-headers.hmap -Xcc -ivfsoverlay -Xcc /Users/jannikschill/Library/Developer/Xcode/DerivedData/Garten_Simulation-eroxfyrnurmsaraojtkexlvtomxb/Build/Intermediates.noindex/Garten_Simulation.build/Debug-iphoneos/Garten_Simulation-49394399678d88b76108bd64d45cffb0-VFS-iphoneos/all-product-headers.yaml -Xcc -iquote -Xcc /Users/jannikschill/Library/Developer/Xcode/DerivedData/Garten_Simulation-eroxfyrnurmsaraojtkexlvtomxb/Build/Intermediates.noindex/Garten_Simulation.build/Debug-iphoneos/Garten_Simulation.build/Grovy-project-headers.hmap -Xcc -I/Users/jannikschill/Library/Developer/Xcode/DerivedData/Garten_Simulation-eroxfyrnurmsaraojtkexlvtomxb/Build/Products/Debug-iphoneos/include -Xcc -I/Users/jannikschill/Library/Developer/Xcode/DerivedData/Garten_Simulation-eroxfyrnurmsaraojtkexlvtomxb/Build/Intermediates.noindex/Garten_Simulation.build/Debug-iphoneos/Garten_Simulation.build/DerivedSources-normal/arm64 -Xcc -I/Users/jannikschill/Library/Developer/Xcode/DerivedData/Garten_Simulation-eroxfyrnurmsaraojtkexlvtomxb/Build/Intermediates.noindex/Garten_Simulation.build/Debug-iphoneos/Garten_Simulation.build/DerivedSources/arm64 -Xcc -I/Users/jannikschill/Library/Developer/Xcode/DerivedData/Garten_Simulation-eroxfyrnurmsaraojtkexlvtomxb/Build/Intermediates.noindex/Garten_Simulation.build/Debug-iphoneos/Garten_Simulation.build/DerivedSources -Xcc -DDEBUG\=1 -emit-objc-header -emit-objc-header-path /Users/jannikschill/Library/Developer/Xcode/DerivedData/Garten_Simulation-eroxfyrnurmsaraojtkexlvtomxb/Build/Intermediates.noindex/Garten_Simulation.build/Debug-iphoneos/Garten_Simulation.build/Objects-normal/arm64/Grovy-Swift.h -working-directory /Users/jannikschill/Documents/Garten-Simulation -experimental-emit-module-separately -disable-cmo
/Users/jannikschill/Documents/Garten-Simulation/Garten_Simulation/Components/SingleHabitNode.swift:261:1: error: Extraneous '}' at top level
}
^ (in target 'Garten_Simulation' from project 'Garten_Simulation')

CompileAssetCatalogVariant thinned /Users/jannikschill/Library/Developer/Xcode/DerivedData/Garten_Simulation-eroxfyrnurmsaraojtkexlvtomxb/Build/Products/Debug-iphoneos/Grovy.app /Users/jannikschill/Documents/Garten-Simulation/Garten_Simulation/Assets.xcassets (in target 'Garten_Simulation' from project 'Garten_Simulation')
    cd /Users/jannikschill/Documents/Garten-Simulation
    /Applications/Xcode.app/Contents/Developer/usr/bin/actool /Users/jannikschill/Documents/Garten-Simulation/Garten_Simulation/Assets.xcassets --compile /Users/jannikschill/Library/Developer/Xcode/DerivedData/Garten_Simulation-eroxfyrnurmsaraojtkexlvtomxb/Build/Intermediates.noindex/Garten_Simulation.build/Debug-iphoneos/Garten_Simulation.build/assetcatalog_output/thinned --output-format human-readable-text --notices --warnings --export-dependency-info /Users/jannikschill/Library/Developer/Xcode/DerivedData/Garten_Simulation-eroxfyrnurmsaraojtkexlvtomxb/Build/Intermediates.noindex/Garten_Simulation.build/Debug-iphoneos/Garten_Simulation.build/assetcatalog_dependencies_thinned --output-partial-info-plist /Users/jannikschill/Library/Developer/Xcode/DerivedData/Garten_Simulation-eroxfyrnurmsaraojtkexlvtomxb/Build/Intermediates.noindex/Garten_Simulation.build/Debug-iphoneos/Garten_Simulation.build/assetcatalog_generated_info.plist_thinned --app-icon AppIcon --accent-color AccentColor --compress-pngs --enable-on-demand-resources YES --development-region en --target-device iphone --target-device ipad --minimum-deployment-target 26.2 --platform iphoneos

** BUILD FAILED **


The following build commands failed:
	SwiftDriver Garten_Simulation normal arm64 com.apple.xcode.tools.swift.compiler (in target 'Garten_Simulation' from project 'Garten_Simulation')
	Building project Garten_Simulation with scheme Garten_Simulation
(2 failures)
